<?xml version="1.0" encoding="UTF-8"?>
<!-- Generated by org.testng.reporters.JUnitReportReporter -->
<testsuite hostname="Suryas-MacBook-Air.local" failures="0" tests="1" name="com.selenium.practice.TestSelenium" time="7.265" errors="0" timestamp="2020-07-20T16:26:50 IST" skipped="0">
  <testcase classname="com.selenium.practice.TestSelenium" name="testing" time="7.265"/>
  <system-out/>
</testsuite> <!-- com.selenium.practice.TestSelenium -->
